<?xml version="1.0" encoding="UTF-8"?>
<!-- Generated by org.testng.reporters.JUnitReportReporter -->
<testsuite hostname="DESKTOP-U33MU1L" failures="0" tests="1" name="projectTestCases.Login" time="5.060" errors="0" timestamp="2024-06-13T12:26:10 IST" skipped="0">
  <testcase classname="projectTestCases.Login" name="logIn" time="5.060"/>
</testsuite> <!-- projectTestCases.Login -->
