<?xml version="1.0" encoding="UTF-8"?>
<!-- Generated by org.testng.reporters.JUnitReportReporter -->
<testsuite hostname="DESKTOP-U33MU1L" failures="0" tests="3" name="sequential.UnitTestCase" time="17.530" errors="0" timestamp="2024-06-20T11:36:41 IST" skipped="0">
  <testcase classname="sequential.UnitTestCase" name="Add_units" time="8.521"/>
  <testcase classname="sequential.UnitTestCase" name="search_units" time="2.329"/>
  <testcase classname="sequential.UnitTestCase" name="deleteUnits" time="6.680"/>
</testsuite> <!-- sequential.UnitTestCase -->
