<?xml version="1.0" encoding="UTF-8"?>
<!-- Generated by org.testng.reporters.JUnitReportReporter -->
<testsuite hostname="DESKTOP-U33MU1L" failures="0" tests="3" name="sequential.CategoryTC" time="17.064" errors="0" timestamp="2024-06-20T11:36:41 IST" skipped="0">
  <testcase classname="sequential.CategoryTC" name="add_category" time="6.181"/>
  <testcase classname="sequential.CategoryTC" name="SearchCategory" time="4.234"/>
  <testcase classname="sequential.CategoryTC" name="deleteCategory" time="6.649"/>
</testsuite> <!-- sequential.CategoryTC -->
