<?xml version="1.0" encoding="UTF-8"?>
<!-- Generated by org.testng.reporters.JUnitReportReporter -->
<testsuite hostname="DESKTOP-U33MU1L" failures="0" tests="4" name="projectTestCases.CategoryTC" time="21.316" errors="0" timestamp="2024-06-21T16:20:19 IST" skipped="0">
  <testcase classname="projectTestCases.CategoryTC" name="logIn" time="2.459"/>
  <testcase classname="projectTestCases.CategoryTC" name="add_category" time="7.967"/>
  <testcase classname="projectTestCases.CategoryTC" name="SearchCategory" time="4.196"/>
  <testcase classname="projectTestCases.CategoryTC" name="deleteCategory" time="6.694"/>
</testsuite> <!-- projectTestCases.CategoryTC -->
