<?xml version="1.0" encoding="UTF-8"?>
<!-- Generated by org.testng.reporters.JUnitReportReporter -->
<testsuite hostname="DESKTOP-U33MU1L" failures="0" tests="2" name="parallelTestCases.AddProductTC" time="32.316" errors="0" timestamp="2024-07-02T20:29:45 IST" skipped="0">
  <testcase classname="parallelTestCases.AddProductTC" name="logIn" time="3.583"/>
  <testcase classname="parallelTestCases.AddProductTC" name="add_Product" time="28.733"/>
</testsuite> <!-- parallelTestCases.AddProductTC -->
