<?xml version="1.0" encoding="UTF-8"?>
<!-- Generated by org.testng.reporters.JUnitReportReporter -->
<testsuite hostname="DESKTOP-U33MU1L" failures="0" tests="4" name="crossBrowser.UnitTestCase" time="20.501" errors="0" timestamp="2024-06-21T16:13:34 IST" skipped="0">
  <testcase classname="crossBrowser.UnitTestCase" name="logIn" time="3.543"/>
  <testcase classname="crossBrowser.UnitTestCase" name="Add_units" time="8.074"/>
  <testcase classname="crossBrowser.UnitTestCase" name="search_units" time="2.189"/>
  <testcase classname="crossBrowser.UnitTestCase" name="deleteUnits" time="6.695"/>
</testsuite> <!-- crossBrowser.UnitTestCase -->
