<?xml version="1.0" encoding="UTF-8"?>
<!-- Generated by org.testng.reporters.JUnitReportReporter -->
<testsuite hostname="DESKTOP-U33MU1L" failures="0" tests="1" name="parallelTestCases.Login" time="14.139" errors="0" timestamp="2024-07-02T21:24:03 IST" skipped="0">
  <testcase classname="parallelTestCases.Login" name="logIn" time="14.139"/>
</testsuite> <!-- parallelTestCases.Login -->
