<?xml version="1.0" encoding="UTF-8"?>
<!-- Generated by org.testng.reporters.JUnitReportReporter -->
<testsuite hostname="DESKTOP-U33MU1L" failures="0" tests="3" name="sequential.CategoryTC" time="16.806" errors="0" timestamp="2024-06-26T19:14:23 IST" skipped="0">
  <testcase classname="sequential.CategoryTC" name="add_category" time="5.899"/>
  <testcase classname="sequential.CategoryTC" name="SearchCategory" time="4.192"/>
  <testcase classname="sequential.CategoryTC" name="deleteCategory" time="6.715"/>
</testsuite> <!-- sequential.CategoryTC -->
