<?xml version="1.0" encoding="UTF-8"?>
<!-- Generated by org.testng.reporters.JUnitReportReporter -->
<testsuite hostname="DESKTOP-U33MU1L" failures="0" tests="3" name="projectTestCases.BrandsTestCase" time="14.109" errors="0" timestamp="2024-06-21T16:20:19 IST" skipped="0">
  <testcase classname="projectTestCases.BrandsTestCase" name="logIn" time="3.837"/>
  <testcase classname="projectTestCases.BrandsTestCase" name="addBrands" time="8.099"/>
  <testcase classname="projectTestCases.BrandsTestCase" name="SearchCategory" time="2.173"/>
</testsuite> <!-- projectTestCases.BrandsTestCase -->
