<?xml version="1.0" encoding="UTF-8"?>
<!-- Generated by org.testng.reporters.JUnitReportReporter -->
<testsuite hostname="DESKTOP-U33MU1L" failures="0" tests="4" name="crossBrowser.UnitTestCase" time="20.244" errors="0" timestamp="2024-06-26T16:53:16 IST" skipped="0">
  <testcase classname="crossBrowser.UnitTestCase" name="logIn" time="3.081"/>
  <testcase classname="crossBrowser.UnitTestCase" name="Add_units" time="8.269"/>
  <testcase classname="crossBrowser.UnitTestCase" name="search_units" time="2.209"/>
  <testcase classname="crossBrowser.UnitTestCase" name="deleteUnits" time="6.685"/>
</testsuite> <!-- crossBrowser.UnitTestCase -->
