<?xml version="1.0" encoding="UTF-8"?>
<!-- Generated by org.testng.reporters.JUnitReportReporter -->
<testsuite hostname="DESKTOP-U33MU1L" failures="0" tests="1" name="crossBrowser.Login" time="4.351" errors="0" timestamp="2024-06-26T16:53:16 IST" skipped="0">
  <testcase classname="crossBrowser.Login" name="logIn" time="4.351"/>
</testsuite> <!-- crossBrowser.Login -->
