<?xml version="1.0" encoding="UTF-8"?>
<!-- Generated by org.testng.reporters.JUnitReportReporter -->
<testsuite hostname="DESKTOP-U33MU1L" failures="0" tests="2" name="projectTestCases.AddProductTC" time="32.566" errors="0" timestamp="2024-06-21T16:20:19 IST" skipped="0">
  <testcase classname="projectTestCases.AddProductTC" name="logIn" time="2.694"/>
  <testcase classname="projectTestCases.AddProductTC" name="add_Product" time="29.872"/>
</testsuite> <!-- projectTestCases.AddProductTC -->
